<?xml version="1.0" ?>
<coverage version="7.6.4" timestamp="1729506100260" lines-valid="56" lines-covered="19" line-rate="0.3393" branches-covered="0" branches-valid="0" branch-rate="0" complexity="0">
	<!-- Generated by coverage.py: https://coverage.readthedocs.io/en/7.6.4 -->
	<!-- Based on https://raw.githubusercontent.com/cobertura/web/master/htdocs/xml/coverage-04.dtd -->
	<sources>
		<source>/home/vikky_dzh_11/python-project-50/gendiff</source>
	</sources>
	<packages>
		<package name="." line-rate="0.3393" branch-rate="0" complexity="0">
			<classes>
				<class name="__init__.py" filename="__init__.py" complexity="0" line-rate="1" branch-rate="0">
					<methods/>
					<lines>
						<line number="1" hits="1"/>
						<line number="3" hits="1"/>
					</lines>
				</class>
				<class name="diff_generator.py" filename="diff_generator.py" complexity="0" line-rate="1" branch-rate="0">
					<methods/>
					<lines>
						<line number="1" hits="1"/>
						<line number="2" hits="1"/>
						<line number="4" hits="1"/>
						<line number="6" hits="1"/>
						<line number="7" hits="1"/>
						<line number="8" hits="1"/>
						<line number="9" hits="1"/>
						<line number="11" hits="1"/>
						<line number="12" hits="1"/>
						<line number="13" hits="1"/>
						<line number="14" hits="1"/>
						<line number="16" hits="1"/>
						<line number="18" hits="1"/>
						<line number="21" hits="1"/>
						<line number="22" hits="1"/>
						<line number="23" hits="1"/>
						<line number="24" hits="1"/>
					</lines>
				</class>
				<class name="file_reader.py" filename="file_reader.py" complexity="0" line-rate="0" branch-rate="0">
					<methods/>
					<lines>
						<line number="1" hits="0"/>
						<line number="2" hits="0"/>
						<line number="5" hits="0"/>
						<line number="6" hits="0"/>
						<line number="7" hits="0"/>
						<line number="8" hits="0"/>
						<line number="9" hits="0"/>
					</lines>
				</class>
				<class name="scripts.py" filename="scripts.py" complexity="0" line-rate="0" branch-rate="0">
					<methods/>
					<lines>
						<line number="1" hits="0"/>
						<line number="2" hits="0"/>
						<line number="5" hits="0"/>
						<line number="7" hits="0"/>
						<line number="8" hits="0"/>
						<line number="11" hits="0"/>
						<line number="13" hits="0"/>
						<line number="15" hits="0"/>
						<line number="17" hits="0"/>
						<line number="18" hits="0"/>
						<line number="19" hits="0"/>
						<line number="20" hits="0"/>
						<line number="22" hits="0"/>
						<line number="23" hits="0"/>
						<line number="24" hits="0"/>
						<line number="25" hits="0"/>
						<line number="27" hits="0"/>
						<line number="29" hits="0"/>
						<line number="32" hits="0"/>
						<line number="33" hits="0"/>
						<line number="36" hits="0"/>
						<line number="41" hits="0"/>
						<line number="46" hits="0"/>
						<line number="53" hits="0"/>
						<line number="56" hits="0"/>
						<line number="57" hits="0"/>
						<line number="60" hits="0"/>
						<line number="61" hits="0"/>
						<line number="64" hits="0"/>
						<line number="65" hits="0"/>
					</lines>
				</class>
			</classes>
		</package>
	</packages>
</coverage>
